[2026-02-28 13:49:59] production.INFO: Starting provisioning for school: Afs 1  
[2026-02-28 13:49:59] production.INFO: Running tenant migrations for: afs1  
[2026-02-28 13:50:49] production.INFO: Running tenant seeding for: afs1  
[2026-02-28 13:50:56] production.INFO: Provisioning completed successfully for: afs1  
[2026-02-28 13:51:05] production.ERROR: Class "App\Models\User" not found {"user":null,"url":"GET http://afs1.localhost:8000/app/sso?token=70fN6wFvj9D0SrrUZvQuOdPGXbOocH0m4SnNb4A665zlXKsM54cJcP8jQP0bh23Y","exception":"[object] (Error(code: 0): Class \"App\\Models\\User\" not found at D:/PROJECTS/YASHU_MITTAL/SCHOOL_ERP_SASS/app/Http/Controllers/Central/SsoController.php:34)
[stacktrace]
#0 D:/PROJECTS/YASHU_MITTAL/SCHOOL_ERP_SASS/vendor/laravel/framework/src/Illuminate/Routing/Controller.php(54): App/Http/Controllers/Central/SsoController->login(Object(Illuminate/Http/Request))
#1 D:/PROJECTS/YASHU_MITTAL/SCHOOL_ERP_SASS/vendor/laravel/framework/src/Illuminate/Routing/ControllerDispatcher.php(44): Illuminate/Routing/Controller->callAction('login', Array)
#2 D:/PROJECTS/YASHU_MITTAL/SCHOOL_ERP_SASS/vendor/laravel/framework/src/Illuminate/Routing/Route.php(266): Illuminate/Routing/ControllerDispatcher->dispatch(Object(Illuminate/Routing/Route), Object(App/Http/Controllers/Central/SsoController), 'login')
#3 D:/PROJECTS/YASHU_MITTAL/SCHOOL_ERP_SASS/vendor/laravel/framework/src/Illuminate/Routing/Route.php(212): Illuminate/Routing/Route->runController()
#4 D:/PROJECTS/YASHU_MITTAL/SCHOOL_ERP_SASS/vendor/laravel/framework/src/Illuminate/Routing/Router.php(808): Illuminate/Routing/Route->run()
#5 D:/PROJECTS/YASHU_MITTAL/SCHOOL_ERP_SASS/vendor/laravel/framework/src/Illuminate/Pipeline/Pipeline.php(170): Illuminate/Routing/Router->Illuminate/Routing/{closure}(Object(Illuminate/Http/Request))
#6 D:/PROJECTS/YASHU_MITTAL/SCHOOL_ERP_SASS/vendor/barryvdh/laravel-debugbar/src/Middleware/InjectDebugbar.php(59): Illuminate/Pipeline/Pipeline->Illuminate/Pipeline/{closure}(Object(Illuminate/Http/Request))
#7 D:/PROJECTS/YASHU_MITTAL/SCHOOL_ERP_SASS/vendor/laravel/framework/src/Illuminate/Pipeline/Pipeline.php(209): Barryvdh/Debugbar/Middleware/InjectDebugbar->handle(Object(Illuminate/Http/Request), Object(Closure))
#8 D:/PROJECTS/YASHU_MITTAL/SCHOOL_ERP_SASS/app/Http/Middleware/Init.php(21): Illuminate/Pipeline/Pipeline->Illuminate/Pipeline/{closure}(Object(Illuminate/Http/Request))
#9 D:/PROJECTS/YASHU_MITTAL/SCHOOL_ERP_SASS/vendor/laravel/framework/src/Illuminate/Pipeline/Pipeline.php(209): App/Http/Middleware/Init->handle(Object(Illuminate/Http/Request), Object(Closure))
#10 D:/PROJECTS/YASHU_MITTAL/SCHOOL_ERP_SASS/vendor/laravel/framework/src/Illuminate/Routing/Middleware/SubstituteBindings.php(51): Illuminate/Pipeline/Pipeline->Illuminate/Pipeline/{closure}(Object(Illuminate/Http/Request))
#11 D:/PROJECTS/YASHU_MITTAL/SCHOOL_ERP_SASS/vendor/laravel/framework/src/Illuminate/Pipeline/Pipeline.php(209): Illuminate/Routing/Middleware/SubstituteBindings->handle(Object(Illuminate/Http/Request), Object(Closure))
#12 D:/PROJECTS/YASHU_MITTAL/SCHOOL_ERP_SASS/vendor/laravel/framework/src/Illuminate/Foundation/Http/Middleware/VerifyCsrfToken.php(88): Illuminate/Pipeline/Pipeline->Illuminate/Pipeline/{closure}(Object(Illuminate/Http/Request))
#13 D:/PROJECTS/YASHU_MITTAL/SCHOOL_ERP_SASS/vendor/laravel/framework/src/Illuminate/Pipeline/Pipeline.php(209): Illuminate/Foundation/Http/Middleware/VerifyCsrfToken->handle(Object(Illuminate/Http/Request), Object(Closure))
#14 D:/PROJECTS/YASHU_MITTAL/SCHOOL_ERP_SASS/vendor/laravel/framework/src/Illuminate/View/Middleware/ShareErrorsFromSession.php(49): Illuminate/Pipeline/Pipeline->Illuminate/Pipeline/{closure}(Object(Illuminate/Http/Request))
#15 D:/PROJECTS/YASHU_MITTAL/SCHOOL_ERP_SASS/vendor/laravel/framework/src/Illuminate/Pipeline/Pipeline.php(209): Illuminate/View/Middleware/ShareErrorsFromSession->handle(Object(Illuminate/Http/Request), Object(Closure))
#16 D:/PROJECTS/YASHU_MITTAL/SCHOOL_ERP_SASS/vendor/laravel/framework/src/Illuminate/Session/Middleware/StartSession.php(121): Illuminate/Pipeline/Pipeline->Illuminate/Pipeline/{closure}(Object(Illuminate/Http/Request))
#17 D:/PROJECTS/YASHU_MITTAL/SCHOOL_ERP_SASS/vendor/laravel/framework/src/Illuminate/Session/Middleware/StartSession.php(64): Illuminate/Session/Middleware/StartSession->handleStatefulRequest(Object(Illuminate/Http/Request), Object(Illuminate/Session/Store), Object(Closure))
#18 D:/PROJECTS/YASHU_MITTAL/SCHOOL_ERP_SASS/vendor/laravel/framework/src/Illuminate/Pipeline/Pipeline.php(209): Illuminate/Session/Middleware/StartSession->handle(Object(Illuminate/Http/Request), Object(Closure))
#19 D:/PROJECTS/YASHU_MITTAL/SCHOOL_ERP_SASS/vendor/laravel/framework/src/Illuminate/Cookie/Middleware/AddQueuedCookiesToResponse.php(37): Illuminate/Pipeline/Pipeline->Illuminate/Pipeline/{closure}(Object(Illuminate/Http/Request))
#20 D:/PROJECTS/YASHU_MITTAL/SCHOOL_ERP_SASS/vendor/laravel/framework/src/Illuminate/Pipeline/Pipeline.php(209): Illuminate/Cookie/Middleware/AddQueuedCookiesToResponse->handle(Object(Illuminate/Http/Request), Object(Closure))
#21 D:/PROJECTS/YASHU_MITTAL/SCHOOL_ERP_SASS/vendor/laravel/framework/src/Illuminate/Cookie/Middleware/EncryptCookies.php(75): Illuminate/Pipeline/Pipeline->Illuminate/Pipeline/{closure}(Object(Illuminate/Http/Request))
#22 D:/PROJECTS/YASHU_MITTAL/SCHOOL_ERP_SASS/vendor/laravel/framework/src/Illuminate/Pipeline/Pipeline.php(209): Illuminate/Cookie/Middleware/EncryptCookies->handle(Object(Illuminate/Http/Request), Object(Closure))
#23 D:/PROJECTS/YASHU_MITTAL/SCHOOL_ERP_SASS/vendor/laravel/framework/src/Illuminate/Pipeline/Pipeline.php(127): Illuminate/Pipeline/Pipeline->Illuminate/Pipeline/{closure}(Object(Illuminate/Http/Request))
#24 D:/PROJECTS/YASHU_MITTAL/SCHOOL_ERP_SASS/vendor/laravel/framework/src/Illuminate/Routing/Router.php(807): Illuminate/Pipeline/Pipeline->then(Object(Closure))
#25 D:/PROJECTS/YASHU_MITTAL/SCHOOL_ERP_SASS/vendor/laravel/framework/src/Illuminate/Routing/Router.php(786): Illuminate/Routing/Router->runRouteWithinStack(Object(Illuminate/Routing/Route), Object(Illuminate/Http/Request))
#26 D:/PROJECTS/YASHU_MITTAL/SCHOOL_ERP_SASS/vendor/laravel/framework/src/Illuminate/Routing/Router.php(750): Illuminate/Routing/Router->runRoute(Object(Illuminate/Http/Request), Object(Illuminate/Routing/Route))
#27 D:/PROJECTS/YASHU_MITTAL/SCHOOL_ERP_SASS/vendor/laravel/framework/src/Illuminate/Routing/Router.php(739): Illuminate/Routing/Router->dispatchToRoute(Object(Illuminate/Http/Request))
#28 D:/PROJECTS/YASHU_MITTAL/SCHOOL_ERP_SASS/vendor/laravel/framework/src/Illuminate/Foundation/Http/Kernel.php(201): Illuminate/Routing/Router->dispatch(Object(Illuminate/Http/Request))
#29 D:/PROJECTS/YASHU_MITTAL/SCHOOL_ERP_SASS/vendor/laravel/framework/src/Illuminate/Pipeline/Pipeline.php(170): Illuminate/Foundation/Http/Kernel->Illuminate/Foundation/Http/{closure}(Object(Illuminate/Http/Request))
#30 D:/PROJECTS/YASHU_MITTAL/SCHOOL_ERP_SASS/vendor/livewire/livewire/src/Features/SupportDisablingBackButtonCache/DisableBackButtonCacheMiddleware.php(19): Illuminate/Pipeline/Pipeline->Illuminate/Pipeline/{closure}(Object(Illuminate/Http/Request))
#31 D:/PROJECTS/YASHU_MITTAL/SCHOOL_ERP_SASS/vendor/laravel/framework/src/Illuminate/Pipeline/Pipeline.php(209): Livewire/Features/SupportDisablingBackButtonCache/DisableBackButtonCacheMiddleware->handle(Object(Illuminate/Http/Request), Object(Closure))
#32 D:/PROJECTS/YASHU_MITTAL/SCHOOL_ERP_SASS/vendor/barryvdh/laravel-debugbar/src/Middleware/InjectDebugbar.php(59): Illuminate/Pipeline/Pipeline->Illuminate/Pipeline/{closure}(Object(Illuminate/Http/Request))
#33 D:/PROJECTS/YASHU_MITTAL/SCHOOL_ERP_SASS/vendor/laravel/framework/src/Illuminate/Pipeline/Pipeline.php(209): Barryvdh/Debugbar/Middleware/InjectDebugbar->handle(Object(Illuminate/Http/Request), Object(Closure))
#34 D:/PROJECTS/YASHU_MITTAL/SCHOOL_ERP_SASS/app/Http/Middleware/XssProtection.php(38): Illuminate/Pipeline/Pipeline->Illuminate/Pipeline/{closure}(Object(Illuminate/Http/Request))
#35 D:/PROJECTS/YASHU_MITTAL/SCHOOL_ERP_SASS/vendor/laravel/framework/src/Illuminate/Pipeline/Pipeline.php(209): App/Http/Middleware/XssProtection->handle(Object(Illuminate/Http/Request), Object(Closure))
#36 D:/PROJECTS/YASHU_MITTAL/SCHOOL_ERP_SASS/vendor/laravel/framework/src/Illuminate/Foundation/Http/Middleware/TransformsRequest.php(21): Illuminate/Pipeline/Pipeline->Illuminate/Pipeline/{closure}(Object(Illuminate/Http/Request))
#37 D:/PROJECTS/YASHU_MITTAL/SCHOOL_ERP_SASS/vendor/laravel/framework/src/Illuminate/Foundation/Http/Middleware/ConvertEmptyStringsToNull.php(31): Illuminate/Foundation/Http/Middleware/TransformsRequest->handle(Object(Illuminate/Http/Request), Object(Closure))
#38 D:/PROJECTS/YASHU_MITTAL/SCHOOL_ERP_SASS/vendor/laravel/framework/src/Illuminate/Pipeline/Pipeline.php(209): Illuminate/Foundation/Http/Middleware/ConvertEmptyStringsToNull->handle(Object(Illuminate/Http/Request), Object(Closure))
#39 D:/PROJECTS/YASHU_MITTAL/SCHOOL_ERP_SASS/vendor/laravel/framework/src/Illuminate/Foundation/Http/Middleware/TransformsRequest.php(21): Illuminate/Pipeline/Pipeline->Illuminate/Pipeline/{closure}(Object(Illuminate/Http/Request))
#40 D:/PROJECTS/YASHU_MITTAL/SCHOOL_ERP_SASS/vendor/laravel/framework/src/Illuminate/Foundation/Http/Middleware/TrimStrings.php(51): Illuminate/Foundation/Http/Middleware/TransformsRequest->handle(Object(Illuminate/Http/Request), Object(Closure))
#41 D:/PROJECTS/YASHU_MITTAL/SCHOOL_ERP_SASS/vendor/laravel/framework/src/Illuminate/Pipeline/Pipeline.php(209): Illuminate/Foundation/Http/Middleware/TrimStrings->handle(Object(Illuminate/Http/Request), Object(Closure))
#42 D:/PROJECTS/YASHU_MITTAL/SCHOOL_ERP_SASS/vendor/laravel/framework/src/Illuminate/Http/Middleware/ValidatePostSize.php(27): Illuminate/Pipeline/Pipeline->Illuminate/Pipeline/{closure}(Object(Illuminate/Http/Request))
#43 D:/PROJECTS/YASHU_MITTAL/SCHOOL_ERP_SASS/vendor/laravel/framework/src/Illuminate/Pipeline/Pipeline.php(209): Illuminate/Http/Middleware/ValidatePostSize->handle(Object(Illuminate/Http/Request), Object(Closure))
#44 D:/PROJECTS/YASHU_MITTAL/SCHOOL_ERP_SASS/vendor/laravel/framework/src/Illuminate/Foundation/Http/Middleware/PreventRequestsDuringMaintenance.php(110): Illuminate/Pipeline/Pipeline->Illuminate/Pipeline/{closure}(Object(Illuminate/Http/Request))
#45 D:/PROJECTS/YASHU_MITTAL/SCHOOL_ERP_SASS/vendor/laravel/framework/src/Illuminate/Pipeline/Pipeline.php(209): Illuminate/Foundation/Http/Middleware/PreventRequestsDuringMaintenance->handle(Object(Illuminate/Http/Request), Object(Closure))
#46 D:/PROJECTS/YASHU_MITTAL/SCHOOL_ERP_SASS/app/Http/Middleware/IdentifyTenant.php(125): Illuminate/Pipeline/Pipeline->Illuminate/Pipeline/{closure}(Object(Illuminate/Http/Request))
#47 D:/PROJECTS/YASHU_MITTAL/SCHOOL_ERP_SASS/vendor/laravel/framework/src/Illuminate/Pipeline/Pipeline.php(209): App/Http/Middleware/IdentifyTenant->handle(Object(Illuminate/Http/Request), Object(Closure))
#48 D:/PROJECTS/YASHU_MITTAL/SCHOOL_ERP_SASS/vendor/laravel/framework/src/Illuminate/Http/Middleware/HandleCors.php(49): Illuminate/Pipeline/Pipeline->Illuminate/Pipeline/{closure}(Object(Illuminate/Http/Request))
#49 D:/PROJECTS/YASHU_MITTAL/SCHOOL_ERP_SASS/vendor/laravel/framework/src/Illuminate/Pipeline/Pipeline.php(209): Illuminate/Http/Middleware/HandleCors->handle(Object(Illuminate/Http/Request), Object(Closure))
#50 D:/PROJECTS/YASHU_MITTAL/SCHOOL_ERP_SASS/vendor/laravel/framework/src/Illuminate/Http/Middleware/TrustProxies.php(58): Illuminate/Pipeline/Pipeline->Illuminate/Pipeline/{closure}(Object(Illuminate/Http/Request))
#51 D:/PROJECTS/YASHU_MITTAL/SCHOOL_ERP_SASS/vendor/laravel/framework/src/Illuminate/Pipeline/Pipeline.php(209): Illuminate/Http/Middleware/TrustProxies->handle(Object(Illuminate/Http/Request), Object(Closure))
#52 D:/PROJECTS/YASHU_MITTAL/SCHOOL_ERP_SASS/vendor/laravel/framework/src/Illuminate/Pipeline/Pipeline.php(127): Illuminate/Pipeline/Pipeline->Illuminate/Pipeline/{closure}(Object(Illuminate/Http/Request))
#53 D:/PROJECTS/YASHU_MITTAL/SCHOOL_ERP_SASS/vendor/laravel/framework/src/Illuminate/Foundation/Http/Kernel.php(176): Illuminate/Pipeline/Pipeline->then(Object(Closure))
#54 D:/PROJECTS/YASHU_MITTAL/SCHOOL_ERP_SASS/vendor/laravel/framework/src/Illuminate/Foundation/Http/Kernel.php(145): Illuminate/Foundation/Http/Kernel->sendRequestThroughRouter(Object(Illuminate/Http/Request))
#55 D:/PROJECTS/YASHU_MITTAL/SCHOOL_ERP_SASS/public/index.php(51): Illuminate/Foundation/Http/Kernel->handle(Object(Illuminate/Http/Request))
#56 D:/PROJECTS/YASHU_MITTAL/SCHOOL_ERP_SASS/vendor/laravel/framework/src/Illuminate/Foundation/resources/server.php(23): require_once('D://PROJECTS//YAS...')
#57 {main}
"} 
[2026-02-28 13:51:18] production.ERROR: Class "App\Models\User" not found {"user":null,"url":"GET http://afs1.localhost:8000/app/sso?token=nukvqxhCBbgKppr850RsRbkAHCdvUMDaMKGy6L5zr5ZrfVotCOtvOrxoILkZgUAw","exception":"[object] (Error(code: 0): Class \"App\\Models\\User\" not found at D:/PROJECTS/YASHU_MITTAL/SCHOOL_ERP_SASS/app/Http/Controllers/Central/SsoController.php:34)
[stacktrace]
#0 D:/PROJECTS/YASHU_MITTAL/SCHOOL_ERP_SASS/vendor/laravel/framework/src/Illuminate/Routing/Controller.php(54): App/Http/Controllers/Central/SsoController->login(Object(Illuminate/Http/Request))
#1 D:/PROJECTS/YASHU_MITTAL/SCHOOL_ERP_SASS/vendor/laravel/framework/src/Illuminate/Routing/ControllerDispatcher.php(44): Illuminate/Routing/Controller->callAction('login', Array)
#2 D:/PROJECTS/YASHU_MITTAL/SCHOOL_ERP_SASS/vendor/laravel/framework/src/Illuminate/Routing/Route.php(266): Illuminate/Routing/ControllerDispatcher->dispatch(Object(Illuminate/Routing/Route), Object(App/Http/Controllers/Central/SsoController), 'login')
#3 D:/PROJECTS/YASHU_MITTAL/SCHOOL_ERP_SASS/vendor/laravel/framework/src/Illuminate/Routing/Route.php(212): Illuminate/Routing/Route->runController()
#4 D:/PROJECTS/YASHU_MITTAL/SCHOOL_ERP_SASS/vendor/laravel/framework/src/Illuminate/Routing/Router.php(808): Illuminate/Routing/Route->run()
#5 D:/PROJECTS/YASHU_MITTAL/SCHOOL_ERP_SASS/vendor/laravel/framework/src/Illuminate/Pipeline/Pipeline.php(170): Illuminate/Routing/Router->Illuminate/Routing/{closure}(Object(Illuminate/Http/Request))
#6 D:/PROJECTS/YASHU_MITTAL/SCHOOL_ERP_SASS/vendor/barryvdh/laravel-debugbar/src/Middleware/InjectDebugbar.php(59): Illuminate/Pipeline/Pipeline->Illuminate/Pipeline/{closure}(Object(Illuminate/Http/Request))
#7 D:/PROJECTS/YASHU_MITTAL/SCHOOL_ERP_SASS/vendor/laravel/framework/src/Illuminate/Pipeline/Pipeline.php(209): Barryvdh/Debugbar/Middleware/InjectDebugbar->handle(Object(Illuminate/Http/Request), Object(Closure))
#8 D:/PROJECTS/YASHU_MITTAL/SCHOOL_ERP_SASS/app/Http/Middleware/Init.php(21): Illuminate/Pipeline/Pipeline->Illuminate/Pipeline/{closure}(Object(Illuminate/Http/Request))
#9 D:/PROJECTS/YASHU_MITTAL/SCHOOL_ERP_SASS/vendor/laravel/framework/src/Illuminate/Pipeline/Pipeline.php(209): App/Http/Middleware/Init->handle(Object(Illuminate/Http/Request), Object(Closure))
#10 D:/PROJECTS/YASHU_MITTAL/SCHOOL_ERP_SASS/vendor/laravel/framework/src/Illuminate/Routing/Middleware/SubstituteBindings.php(51): Illuminate/Pipeline/Pipeline->Illuminate/Pipeline/{closure}(Object(Illuminate/Http/Request))
#11 D:/PROJECTS/YASHU_MITTAL/SCHOOL_ERP_SASS/vendor/laravel/framework/src/Illuminate/Pipeline/Pipeline.php(209): Illuminate/Routing/Middleware/SubstituteBindings->handle(Object(Illuminate/Http/Request), Object(Closure))
#12 D:/PROJECTS/YASHU_MITTAL/SCHOOL_ERP_SASS/vendor/laravel/framework/src/Illuminate/Foundation/Http/Middleware/VerifyCsrfToken.php(88): Illuminate/Pipeline/Pipeline->Illuminate/Pipeline/{closure}(Object(Illuminate/Http/Request))
#13 D:/PROJECTS/YASHU_MITTAL/SCHOOL_ERP_SASS/vendor/laravel/framework/src/Illuminate/Pipeline/Pipeline.php(209): Illuminate/Foundation/Http/Middleware/VerifyCsrfToken->handle(Object(Illuminate/Http/Request), Object(Closure))
#14 D:/PROJECTS/YASHU_MITTAL/SCHOOL_ERP_SASS/vendor/laravel/framework/src/Illuminate/View/Middleware/ShareErrorsFromSession.php(49): Illuminate/Pipeline/Pipeline->Illuminate/Pipeline/{closure}(Object(Illuminate/Http/Request))
#15 D:/PROJECTS/YASHU_MITTAL/SCHOOL_ERP_SASS/vendor/laravel/framework/src/Illuminate/Pipeline/Pipeline.php(209): Illuminate/View/Middleware/ShareErrorsFromSession->handle(Object(Illuminate/Http/Request), Object(Closure))
#16 D:/PROJECTS/YASHU_MITTAL/SCHOOL_ERP_SASS/vendor/laravel/framework/src/Illuminate/Session/Middleware/StartSession.php(121): Illuminate/Pipeline/Pipeline->Illuminate/Pipeline/{closure}(Object(Illuminate/Http/Request))
#17 D:/PROJECTS/YASHU_MITTAL/SCHOOL_ERP_SASS/vendor/laravel/framework/src/Illuminate/Session/Middleware/StartSession.php(64): Illuminate/Session/Middleware/StartSession->handleStatefulRequest(Object(Illuminate/Http/Request), Object(Illuminate/Session/Store), Object(Closure))
#18 D:/PROJECTS/YASHU_MITTAL/SCHOOL_ERP_SASS/vendor/laravel/framework/src/Illuminate/Pipeline/Pipeline.php(209): Illuminate/Session/Middleware/StartSession->handle(Object(Illuminate/Http/Request), Object(Closure))
#19 D:/PROJECTS/YASHU_MITTAL/SCHOOL_ERP_SASS/vendor/laravel/framework/src/Illuminate/Cookie/Middleware/AddQueuedCookiesToResponse.php(37): Illuminate/Pipeline/Pipeline->Illuminate/Pipeline/{closure}(Object(Illuminate/Http/Request))
#20 D:/PROJECTS/YASHU_MITTAL/SCHOOL_ERP_SASS/vendor/laravel/framework/src/Illuminate/Pipeline/Pipeline.php(209): Illuminate/Cookie/Middleware/AddQueuedCookiesToResponse->handle(Object(Illuminate/Http/Request), Object(Closure))
#21 D:/PROJECTS/YASHU_MITTAL/SCHOOL_ERP_SASS/vendor/laravel/framework/src/Illuminate/Cookie/Middleware/EncryptCookies.php(75): Illuminate/Pipeline/Pipeline->Illuminate/Pipeline/{closure}(Object(Illuminate/Http/Request))
#22 D:/PROJECTS/YASHU_MITTAL/SCHOOL_ERP_SASS/vendor/laravel/framework/src/Illuminate/Pipeline/Pipeline.php(209): Illuminate/Cookie/Middleware/EncryptCookies->handle(Object(Illuminate/Http/Request), Object(Closure))
#23 D:/PROJECTS/YASHU_MITTAL/SCHOOL_ERP_SASS/vendor/laravel/framework/src/Illuminate/Pipeline/Pipeline.php(127): Illuminate/Pipeline/Pipeline->Illuminate/Pipeline/{closure}(Object(Illuminate/Http/Request))
#24 D:/PROJECTS/YASHU_MITTAL/SCHOOL_ERP_SASS/vendor/laravel/framework/src/Illuminate/Routing/Router.php(807): Illuminate/Pipeline/Pipeline->then(Object(Closure))
#25 D:/PROJECTS/YASHU_MITTAL/SCHOOL_ERP_SASS/vendor/laravel/framework/src/Illuminate/Routing/Router.php(786): Illuminate/Routing/Router->runRouteWithinStack(Object(Illuminate/Routing/Route), Object(Illuminate/Http/Request))
#26 D:/PROJECTS/YASHU_MITTAL/SCHOOL_ERP_SASS/vendor/laravel/framework/src/Illuminate/Routing/Router.php(750): Illuminate/Routing/Router->runRoute(Object(Illuminate/Http/Request), Object(Illuminate/Routing/Route))
#27 D:/PROJECTS/YASHU_MITTAL/SCHOOL_ERP_SASS/vendor/laravel/framework/src/Illuminate/Routing/Router.php(739): Illuminate/Routing/Router->dispatchToRoute(Object(Illuminate/Http/Request))
#28 D:/PROJECTS/YASHU_MITTAL/SCHOOL_ERP_SASS/vendor/laravel/framework/src/Illuminate/Foundation/Http/Kernel.php(201): Illuminate/Routing/Router->dispatch(Object(Illuminate/Http/Request))
#29 D:/PROJECTS/YASHU_MITTAL/SCHOOL_ERP_SASS/vendor/laravel/framework/src/Illuminate/Pipeline/Pipeline.php(170): Illuminate/Foundation/Http/Kernel->Illuminate/Foundation/Http/{closure}(Object(Illuminate/Http/Request))
#30 D:/PROJECTS/YASHU_MITTAL/SCHOOL_ERP_SASS/vendor/livewire/livewire/src/Features/SupportDisablingBackButtonCache/DisableBackButtonCacheMiddleware.php(19): Illuminate/Pipeline/Pipeline->Illuminate/Pipeline/{closure}(Object(Illuminate/Http/Request))
#31 D:/PROJECTS/YASHU_MITTAL/SCHOOL_ERP_SASS/vendor/laravel/framework/src/Illuminate/Pipeline/Pipeline.php(209): Livewire/Features/SupportDisablingBackButtonCache/DisableBackButtonCacheMiddleware->handle(Object(Illuminate/Http/Request), Object(Closure))
#32 D:/PROJECTS/YASHU_MITTAL/SCHOOL_ERP_SASS/vendor/barryvdh/laravel-debugbar/src/Middleware/InjectDebugbar.php(59): Illuminate/Pipeline/Pipeline->Illuminate/Pipeline/{closure}(Object(Illuminate/Http/Request))
#33 D:/PROJECTS/YASHU_MITTAL/SCHOOL_ERP_SASS/vendor/laravel/framework/src/Illuminate/Pipeline/Pipeline.php(209): Barryvdh/Debugbar/Middleware/InjectDebugbar->handle(Object(Illuminate/Http/Request), Object(Closure))
#34 D:/PROJECTS/YASHU_MITTAL/SCHOOL_ERP_SASS/app/Http/Middleware/XssProtection.php(38): Illuminate/Pipeline/Pipeline->Illuminate/Pipeline/{closure}(Object(Illuminate/Http/Request))
#35 D:/PROJECTS/YASHU_MITTAL/SCHOOL_ERP_SASS/vendor/laravel/framework/src/Illuminate/Pipeline/Pipeline.php(209): App/Http/Middleware/XssProtection->handle(Object(Illuminate/Http/Request), Object(Closure))
#36 D:/PROJECTS/YASHU_MITTAL/SCHOOL_ERP_SASS/vendor/laravel/framework/src/Illuminate/Foundation/Http/Middleware/TransformsRequest.php(21): Illuminate/Pipeline/Pipeline->Illuminate/Pipeline/{closure}(Object(Illuminate/Http/Request))
#37 D:/PROJECTS/YASHU_MITTAL/SCHOOL_ERP_SASS/vendor/laravel/framework/src/Illuminate/Foundation/Http/Middleware/ConvertEmptyStringsToNull.php(31): Illuminate/Foundation/Http/Middleware/TransformsRequest->handle(Object(Illuminate/Http/Request), Object(Closure))
#38 D:/PROJECTS/YASHU_MITTAL/SCHOOL_ERP_SASS/vendor/laravel/framework/src/Illuminate/Pipeline/Pipeline.php(209): Illuminate/Foundation/Http/Middleware/ConvertEmptyStringsToNull->handle(Object(Illuminate/Http/Request), Object(Closure))
#39 D:/PROJECTS/YASHU_MITTAL/SCHOOL_ERP_SASS/vendor/laravel/framework/src/Illuminate/Foundation/Http/Middleware/TransformsRequest.php(21): Illuminate/Pipeline/Pipeline->Illuminate/Pipeline/{closure}(Object(Illuminate/Http/Request))
#40 D:/PROJECTS/YASHU_MITTAL/SCHOOL_ERP_SASS/vendor/laravel/framework/src/Illuminate/Foundation/Http/Middleware/TrimStrings.php(51): Illuminate/Foundation/Http/Middleware/TransformsRequest->handle(Object(Illuminate/Http/Request), Object(Closure))
#41 D:/PROJECTS/YASHU_MITTAL/SCHOOL_ERP_SASS/vendor/laravel/framework/src/Illuminate/Pipeline/Pipeline.php(209): Illuminate/Foundation/Http/Middleware/TrimStrings->handle(Object(Illuminate/Http/Request), Object(Closure))
#42 D:/PROJECTS/YASHU_MITTAL/SCHOOL_ERP_SASS/vendor/laravel/framework/src/Illuminate/Http/Middleware/ValidatePostSize.php(27): Illuminate/Pipeline/Pipeline->Illuminate/Pipeline/{closure}(Object(Illuminate/Http/Request))
#43 D:/PROJECTS/YASHU_MITTAL/SCHOOL_ERP_SASS/vendor/laravel/framework/src/Illuminate/Pipeline/Pipeline.php(209): Illuminate/Http/Middleware/ValidatePostSize->handle(Object(Illuminate/Http/Request), Object(Closure))
#44 D:/PROJECTS/YASHU_MITTAL/SCHOOL_ERP_SASS/vendor/laravel/framework/src/Illuminate/Foundation/Http/Middleware/PreventRequestsDuringMaintenance.php(110): Illuminate/Pipeline/Pipeline->Illuminate/Pipeline/{closure}(Object(Illuminate/Http/Request))
#45 D:/PROJECTS/YASHU_MITTAL/SCHOOL_ERP_SASS/vendor/laravel/framework/src/Illuminate/Pipeline/Pipeline.php(209): Illuminate/Foundation/Http/Middleware/PreventRequestsDuringMaintenance->handle(Object(Illuminate/Http/Request), Object(Closure))
#46 D:/PROJECTS/YASHU_MITTAL/SCHOOL_ERP_SASS/app/Http/Middleware/IdentifyTenant.php(125): Illuminate/Pipeline/Pipeline->Illuminate/Pipeline/{closure}(Object(Illuminate/Http/Request))
#47 D:/PROJECTS/YASHU_MITTAL/SCHOOL_ERP_SASS/vendor/laravel/framework/src/Illuminate/Pipeline/Pipeline.php(209): App/Http/Middleware/IdentifyTenant->handle(Object(Illuminate/Http/Request), Object(Closure))
#48 D:/PROJECTS/YASHU_MITTAL/SCHOOL_ERP_SASS/vendor/laravel/framework/src/Illuminate/Http/Middleware/HandleCors.php(49): Illuminate/Pipeline/Pipeline->Illuminate/Pipeline/{closure}(Object(Illuminate/Http/Request))
#49 D:/PROJECTS/YASHU_MITTAL/SCHOOL_ERP_SASS/vendor/laravel/framework/src/Illuminate/Pipeline/Pipeline.php(209): Illuminate/Http/Middleware/HandleCors->handle(Object(Illuminate/Http/Request), Object(Closure))
#50 D:/PROJECTS/YASHU_MITTAL/SCHOOL_ERP_SASS/vendor/laravel/framework/src/Illuminate/Http/Middleware/TrustProxies.php(58): Illuminate/Pipeline/Pipeline->Illuminate/Pipeline/{closure}(Object(Illuminate/Http/Request))
#51 D:/PROJECTS/YASHU_MITTAL/SCHOOL_ERP_SASS/vendor/laravel/framework/src/Illuminate/Pipeline/Pipeline.php(209): Illuminate/Http/Middleware/TrustProxies->handle(Object(Illuminate/Http/Request), Object(Closure))
#52 D:/PROJECTS/YASHU_MITTAL/SCHOOL_ERP_SASS/vendor/laravel/framework/src/Illuminate/Pipeline/Pipeline.php(127): Illuminate/Pipeline/Pipeline->Illuminate/Pipeline/{closure}(Object(Illuminate/Http/Request))
#53 D:/PROJECTS/YASHU_MITTAL/SCHOOL_ERP_SASS/vendor/laravel/framework/src/Illuminate/Foundation/Http/Kernel.php(176): Illuminate/Pipeline/Pipeline->then(Object(Closure))
#54 D:/PROJECTS/YASHU_MITTAL/SCHOOL_ERP_SASS/vendor/laravel/framework/src/Illuminate/Foundation/Http/Kernel.php(145): Illuminate/Foundation/Http/Kernel->sendRequestThroughRouter(Object(Illuminate/Http/Request))
#55 D:/PROJECTS/YASHU_MITTAL/SCHOOL_ERP_SASS/public/index.php(51): Illuminate/Foundation/Http/Kernel->handle(Object(Illuminate/Http/Request))
#56 D:/PROJECTS/YASHU_MITTAL/SCHOOL_ERP_SASS/vendor/laravel/framework/src/Illuminate/Foundation/resources/server.php(23): require_once('D://PROJECTS//YAS...')
#57 {main}
"} 
